<?xml version="1.0" encoding="UTF-8"?>
<testsuite name="com.example.spring.DefaultApplicationContextTest" tests="1" skipped="0" failures="0" errors="0" timestamp="2023-04-02T13:04:10" hostname="hyeyoomui-MacBookPro.local" time="0.037">
  <properties/>
  <testcase name="getBean으로 bean을 조회하면 bean이 반환된다." classname="com.example.spring.DefaultApplicationContextTest" time="0.037"/>
  <system-out><![CDATA[]]></system-out>
  <system-err><![CDATA[SLF4J: Failed to load class "org.slf4j.impl.StaticLoggerBinder".
SLF4J: Defaulting to no-operation (NOP) logger implementation
SLF4J: See http://www.slf4j.org/codes.html#StaticLoggerBinder for further details.
]]></system-err>
</testsuite>
